Arguments: 
  /home/will/.nvm/versions/node/v8.11.3/bin/node /usr/share/yarn/bin/yarn.js install

PATH: 
  /home/will/bin:/home/will/.local/bin:/home/will/.nvm/versions/node/v8.11.3/bin:/home/will/bin:/home/will/.local/bin:/usr/local/sbin:/usr/local/bin:/usr/sbin:/usr/bin:/sbin:/bin:/usr/games:/usr/local/games:/snap/bin:/usr/lib/jvm/java-8-oracle/bin:/usr/lib/jvm/java-8-oracle/db/bin:/usr/lib/jvm/java-8-oracle/jre/bin:/usr/local/rvm/bin:/home/will/.rvm/bin:/usr/lib/jvm/java-8-oracle/bin:/usr/lib/jvm/java-8-oracle/db/bin:/usr/lib/jvm/java-8-oracle/jre/bin:/home/will/.rvm/bin:/home/will/.rvm/bin

Yarn version: 
  1.9.4

Node version: 
  8.11.3

Platform: 
  linux x64

Trace: 
  SyntaxError: /home/will/.cache/yarn/v2/npm-google-auth-library-5.10.1-504ec75487ad140e68dd577c21affa363c87ddff/.yarn-metadata.json: Unexpected end of JSON input
      at JSON.parse (<anonymous>)
      at /usr/share/yarn/lib/cli.js:1130:59
      at Generator.next (<anonymous>)
      at step (/usr/share/yarn/lib/cli.js:92:30)
      at /usr/share/yarn/lib/cli.js:103:13
      at <anonymous>

npm manifest: 
  {
    "name": "tool-lock",
    "version": "1.0.0",
    "description": "Manage access to lockboxes for makerspace tools",
    "main": "index.js",
    "author": "<will.lynch@manchestermakerspace.org>",
    "license": "MIT",
    "dependencies": {
      "googleapis": "^47.0.0",
      "mongodb": "^3.5.5"
    }
  }

yarn manifest: 
  No manifest

Lockfile: 
  No lockfile
